Arguments: 
  C:\Program Files\nodejs\node.exe C:\Users\maitronghuu\AppData\Roaming\npm\node_modules\yarn\bin\yarn.js add @react-native-firebase/app

PATH: 
  C:\Users\maitronghuu\bin;C:\Program Files\Git\mingw64\bin;C:\Program Files\Git\usr\local\bin;C:\Program Files\Git\usr\bin;C:\Program Files\Git\usr\bin;C:\Program Files\Git\mingw64\bin;C:\Program Files\Git\usr\bin;C:\Users\maitronghuu\bin;C:\Program Files (x86)\Common Files\Oracle\Java\javapath;C:\Windows\system32;C:\Windows;C:\Windows\System32\Wbem;C:\Windows\System32\WindowsPowerShell\v1.0;C:\Windows\System32\OpenSSH;C:\MinGW\bin;C:\Program Files\Git\cmd;C:\Program Files\nodejs;C:\Users\maitronghuu\AppData\Local\Microsoft\WindowsApps;C:\Program Files\JetBrains\PyCharm Community Edition 2020.2.5\bin;C:\Users\maitronghuu\Downloads\mingw64\bin;C:\Users\maitronghuu\AppData\Local\Programs\Microsoft VS Code\bin;C:\Users\maitronghuu\AppData\Roaming\npm;C:\Program Files\Git\usr\bin\vendor_perl;C:\Program Files\Git\usr\bin\core_perl

Yarn version: 
  1.22.19

Node version: 
  18.15.0

Platform: 
  win32 x64

Trace: 
  Error: EPERM: operation not permitted, unlink 'C:\Users\maitronghuu\DiaLiTNVN\node_modules\@babel\generator\node_modules\@jridgewell\gen-mapping\src'

npm manifest: 
  {
    "name": "dialitnvn",
    "version": "1.0.0",
    "main": "node_modules/expo/AppEntry.js",
    "scripts": {
      "start": "expo start",
      "android": "expo start --android",
      "ios": "expo start --ios",
      "web": "expo start --web"
    },
    "dependencies": {
      "@react-native-firebase/app": "^17.3.2",
      "@react-native-masked-view/masked-view": "^0.2.8",
      "@react-navigation/native": "^6.1.6",
      "@react-navigation/native-stack": "^6.9.12",
      "@react-navigation/stack": "^6.3.16",
      "expo": "~48.0.6",
      "expo-status-bar": "~1.4.4",
      "expo-updates": "~0.16.3",
      "firebase": "^9.18.0",
      "react": "18.2.0",
      "react-native": "0.71.3",
      "react-native-gesture-handler": "~2.9.0",
      "react-native-reanimated": "~2.14.4",
      "react-native-safe-area-context": "4.5.0",
      "react-native-screens": "~3.20.0"
    },
    "devDependencies": {
      "@babel/core": "^7.20.0"
    },
    "private": true
  }

yarn manifest: 
  No manifest

Lockfile: 
  No lockfile
